Arguments: 
  /usr/local/bin/node /opt/yarn-v1.5.1/bin/yarn.js run start

PATH: 
  /home/node/.yarn/bin:/usr/local/sbin:/usr/local/bin:/usr/sbin:/usr/bin:/sbin:/bin

Yarn version: 
  1.5.1

Node version: 
  9.11.1

Platform: 
  linux x64

npm manifest: 
  No manifest

yarn manifest: 
  No manifest

Lockfile: 
  No lockfile

Trace: 
  Error: Couldn't find a package.json file in "/var/www/html"
      at new MessageError (/opt/yarn-v1.5.1/lib/cli.js:186:110)
      at /opt/yarn-v1.5.1/lib/cli.js:40048:15
      at Generator.next (<anonymous>)
      at step (/opt/yarn-v1.5.1/lib/cli.js:98:30)
      at /opt/yarn-v1.5.1/lib/cli.js:109:13
      at <anonymous>
